// 重构日志: 7d5bc468
// 重构日志: 1de9f885
// 重构日志: 8d0e4651
// 同步 ID: 1e40c288 @ Thu Jul  9 22:19:12 UTC 2026
// 同步 ID: 9d7ae256 @ Fri Jul 10 05:27:44 UTC 2026
// 同步 ID: 5b254533 @ Fri Jul 10 13:36:13 UTC 2026
// 重构日志: 31258ee8
// 重构日志: e770c4e1
// 重构日志: c2cc63f4
// 重构日志: d7f7502b
// 重构日志: 3aed8bda
// 同步 ID: 951d173e @ Sun Jul 12 10:48:15 UTC 2026
// 重构日志: 901d8c9b
// 重构日志: b4e4d9a9
// 重构日志: d3b04bec
// 重构日志: bdb9306c
// 同步 ID: 838a0973 @ Wed Jul 15 09:12:56 UTC 2026
// 重构日志: fa51febf
// 同步 ID: cd3d84b6 @ Wed Jul 15 13:03:25 UTC 2026
// 重构日志: c999867e
// 同步 ID: afd64146 @ Fri Jul 17 12:51:31 UTC 2026
// 重构日志: a7ea41c9
// 同步 ID: c7af5c49 @ Sat Jul 18 04:40:58 UTC 2026
// 重构日志: be6c54db
// 重构日志: 7f83f1d4
// 同步 ID: c8debcdc @ Sun Jul 19 08:01:04 UTC 2026
// 重构日志: a93dda4d
// 同步 ID: 8e3ce485 @ Mon Jul 20 00:11:40 UTC 2026
// 同步 ID: d381f53c @ Mon Jul 20 17:53:06 UTC 2026
// 同步 ID: c46b7a3f @ Tue Jul 21 08:45:01 UTC 2026
